[15:39:25] [main/INFO]: Loading for game Minecraft 1.16.4
[15:39:26] [main/INFO]: [FabricLoader] Loading 49 mods: fabric-renderer-api-v1@0.3.3+a4467d2a3a, fabric-keybindings-v0@0.2.0+3fa9f7c53a, fabricloader@0.10.6+build.214, crowdin-translate@1.2, automated_crafting@1.3.14+MC1.16.2-1.16.4, fabric-structure-api-v1@1.1.0+f8ac1db23a, fabric-containers-v0@0.1.8+045df74f3a, fabric-object-builder-api-v1@1.9.2+a89534ab3a, fabric-game-rule-api-v1@1.0.3+a4467d2a3a, fabric-api-base@0.2.0+9f0fb4b83a, fabric-rendering-data-attachment-v1@0.1.4+f8ac1db23a, fabric-textures-v0@1.0.5+a4467d2a3a, fabric-rendering-fluids-v1@0.1.12+f8ac1db23a, fabric-blockrenderlayer-v1@1.1.4+c6a8ea893a, fabric-lifecycle-events-v1@1.2.0+74cc3b203a, fabric-renderer-registries-v1@2.2.0+f8ac1db23a, fabric-loot-tables-v1@1.0.1+432ea1883a, fabric@0.25.1+build.416-1.16, fabric-particles-v1@0.2.2+fb0d9b0e3a, fabric-networking-v0@0.1.10+e00ecb5f3a, fabric-networking-blockentity-v0@0.2.5+b50ffc7b3a, minecraft@1.16.4, fabric-screen-handler-api-v1@1.1.0+872498413a, modmenu@1.14.6+build.31, fabric-command-api-v1@1.0.9+a4467d2a3a, cloth-basic-math@0.5.1, jankson@3.0.1+j1.2.0, fabric-tool-attribute-api-v1@1.2.4+2b4623793a, fabric-renderer-indigo@0.4.3+a4467d2a3a, fabric-events-interaction-v0@0.4.1+f8ac1db23a, fabric-item-api-v1@1.2.0+f8ac1db23a, fabric-crash-report-info-v1@0.1.2+b7f9825d3a, libgui@3.2.1+1.16.3, fabric-rendering-v0@1.1.1+f8ac1db23a, fabric-rendering-v1@1.3.1+f8ac1db23a, fabric-key-binding-api-v1@1.0.1+730711c63a, cloth-config2@4.8.2, fabric-resource-loader-v0@0.3.1+facf3bbf3a, autoconfig1u@3.3.1, fabric-content-registries-v0@0.1.9+059ea8663a, fabric-tag-extensions-v0@1.0.3+ac8e8c593a, fabric-biome-api-v1@3.0.0+8367596d3a, fabric-registry-sync-v0@0.6.1+a4467d2a3a, fabric-commands-v0@0.2.0+52d308363a, fabric-mining-levels-v0@0.1.2+b764ce993a, fabric-events-lifecycle-v0@0.2.0+16acbe5b3a, fabric-item-groups-v0@0.2.1+a4467d2a3a, fabric-models-v0@0.1.1+f8ac1db23a, fabric-object-builders-v0@0.7.1+a4467d2a3a
[15:39:26] [main/WARN]: Runtime mod remapping disabled due to no fabric.remapClasspathFile being specified. You may need to update loom.
[15:39:26] [main/INFO]: SpongePowered MIXIN Subsystem Version=0.8.2 Source=file:/C:/Users/super/.gradle/caches/modules-2/files-2.1/net.fabricmc/sponge-mixin/0.8.2+build.24/e5a741445d0f425bf3cce946c6cf8c7fb8376b2/sponge-mixin-0.8.2+build.24.jar Service=Knot/Fabric Env=SERVER
[15:39:26] [main/INFO]: Loaded Fabric development mappings for mixin remapper!
[15:39:26] [main/INFO]: Attempting to load Hot-Swap agent
[15:39:27] [main/INFO]: Remapping refMap fabric-networking-v0-refmap.json using remapper chain
[15:39:27] [main/INFO]: Remapping refMap fabric-networking-blockentity-v0-refmap.json using remapper chain
[15:39:27] [main/INFO]: Remapping refMap fabric-screen-handler-api-v1-refmap.json using remapper chain
[15:39:27] [main/INFO]: Remapping refMap fabric-lifecycle-events-v1-refmap.json using remapper chain
[15:39:27] [main/INFO]: Remapping refMap fabric-containers-v0-refmap.json using remapper chain
[15:39:27] [main/INFO]: Remapping refMap fabric-rendering-data-attachment-v1-refmap.json using remapper chain
[15:39:27] [main/INFO]: Remapping refMap fabric-structure-api-v1-refmap.json using remapper chain
[15:39:27] [main/INFO]: Remapping refMap fabric-events-interaction-v0-refmap.json using remapper chain
[15:39:27] [main/INFO]: Remapping refMap fabric-item-api-v1-refmap.json using remapper chain
[15:39:27] [main/INFO]: Remapping refMap fabric-loot-tables-v1-refmap.json using remapper chain
[15:39:27] [main/INFO]: Remapping refMap fabric-object-builder-api-v1-refmap.json using remapper chain
[15:39:27] [main/INFO]: Remapping refMap fabric-registry-sync-v0-refmap.json using remapper chain
[15:39:27] [main/INFO]: Remapping refMap fabric-containers-v0-refmap.json using remapper chain
[15:39:27] [main/INFO]: Remapping refMap LibGui-refmap.json using remapper chain
[15:39:27] [main/INFO]: Remapping refMap fabric-biome-api-v1-refmap.json using remapper chain
[15:39:27] [main/INFO]: Remapping refMap fabric-resource-loader-v0-refmap.json using remapper chain
[15:39:27] [main/INFO]: Remapping refMap fabric-game-rule-api-v1-refmap.json using remapper chain
[15:39:27] [main/INFO]: Remapping refMap fabric-particles-v1-refmap.json using remapper chain
[15:39:27] [main/INFO]: Remapping refMap fabric-object-builders-refmap.json using remapper chain
[15:39:27] [main/INFO]: Remapping refMap fabric-tag-extensions-v0-refmap.json using remapper chain
[15:39:27] [main/INFO]: Remapping refMap fabric-tool-attribute-api-v1-refmap.json using remapper chain
[15:39:27] [main/INFO]: Remapping refMap fabric-item-groups-v0-refmap.json using remapper chain
[15:39:27] [main/INFO]: Remapping refMap fabric-content-registries-v0-refmap.json using remapper chain
[15:39:27] [main/INFO]: Remapping refMap crowdin-translate-refmap.json using remapper chain
[15:39:27] [main/INFO]: Remapping refMap fabric-command-api-v1-refmap.json using remapper chain
[15:39:27] [main/INFO]: Remapping refMap fabric-crash-report-info-v1-refmap.json using remapper chain
[15:39:27] [main/WARN]: @Mixin target net/minecraft/server/world/ThreadedAnvilChunkStorage$EntityTracker is public in fabric-networking-v0.mixins.json:MixinEntityTracker and should be specified in value
[15:39:27] [main/WARN]: @Mixin target net/minecraft/village/TradeOffers$TypeAwareBuyForOneEmeraldFactory is public in fabric-object-builder-v1.mixins.json:TypeAwareTradeMixin and should be specified in value
[15:39:27] [main/WARN]: @Mixin target net/minecraft/server/command/GameRuleCommand$1 is public in fabric-game-rule-api-v1.mixins.json:GameRuleCommandVisitorMixin and should be specified in value
[15:39:27] [main/WARN]: @Mixin target net/minecraft/tag/Tag$1 is public in fabric-tag-extensions-v0.mixins.json:MixinTagImpl and should be specified in value
[15:39:27] [main/WARN]: @Mixin target net/minecraft/tag/RequiredTagList$TagWrapper is public in fabric-tag-extensions-v0.mixins.json:MixinTagImpl and should be specified in value
[15:39:36] [main/ERROR]: Failed to load properties from file: server.properties
[15:39:36] [main/WARN]: Failed to load eula.txt
[15:39:36] [main/INFO]: You need to agree to the EULA in order to run the server. Go to eula.txt for more info.
